0 info it worked if it ends with ok
1 verbose cli [
1 verbose cli   'C:\\Program Files\\nodejs\\node.exe',
1 verbose cli   'C:\\Users\\Ashish Boltar\\AppData\\Roaming\\npm\\node_modules\\npm\\bin\\npm-cli.js',
1 verbose cli   'run',
1 verbose cli   'start'
1 verbose cli ]
2 info using npm@6.14.5
3 info using node@v12.16.3
4 verbose run-script [ 'prestart', 'start', 'poststart' ]
5 info lifecycle task-manager@1.0.0~prestart: task-manager@1.0.0
6 info lifecycle task-manager@1.0.0~start: task-manager@1.0.0
7 verbose lifecycle task-manager@1.0.0~start: unsafe-perm in lifecycle true
8 verbose lifecycle task-manager@1.0.0~start: PATH: C:\Users\Ashish Boltar\AppData\Roaming\npm\node_modules\npm\node_modules\npm-lifecycle\node-gyp-bin;D:\LC\codes\task-manager\node_modules\.bin;C:\Program Files\Git\mingw64\bin;C:\Program Files\Git\usr\bin;C:\Users\Ashish Boltar\bin;C:\Windows\system32;C:\Windows;C:\Windows\System32\Wbem;C:\Windows\System32\WindowsPowerShell\v1.0;C:\Windows\System32\OpenSSH;C:\Program Files\Git\cmd;C:\Program Files\nodejs;C:\Program Files (x86)\Yarn\bin;C:\Users\Ashish Boltar\AppData\Local\Microsoft\WindowsApps;C:\Users\Ashish Boltar\AppData\Local\Programs\Microsoft VS Code\bin;C:\Program Files\nodejs;C:\Program Files\heroku\bin;C:\Users\Ashish Boltar\AppData\Local\hyper\app-3.0.2\resources\bin;C:\Users\Ashish Boltar\AppData\Roaming\npm;C:\Users\Ashish Boltar\AppData\Local\Yarn\bin
9 verbose lifecycle task-manager@1.0.0~start: CWD: D:\LC\codes\task-manager
10 silly lifecycle task-manager@1.0.0~start: Args: [ '/d /s /c', 'node src/db/index.js' ]
11 silly lifecycle task-manager@1.0.0~start: Returned: code: 1  signal: null
12 info lifecycle task-manager@1.0.0~start: Failed to exec start script
13 verbose stack Error: task-manager@1.0.0 start: `node src/db/index.js`
13 verbose stack Exit status 1
13 verbose stack     at EventEmitter.<anonymous> (C:\Users\Ashish Boltar\AppData\Roaming\npm\node_modules\npm\node_modules\npm-lifecycle\index.js:332:16)
13 verbose stack     at EventEmitter.emit (events.js:310:20)
13 verbose stack     at ChildProcess.<anonymous> (C:\Users\Ashish Boltar\AppData\Roaming\npm\node_modules\npm\node_modules\npm-lifecycle\lib\spawn.js:55:14)
13 verbose stack     at ChildProcess.emit (events.js:310:20)
13 verbose stack     at maybeClose (internal/child_process.js:1021:16)
13 verbose stack     at Process.ChildProcess._handle.onexit (internal/child_process.js:286:5)
14 verbose pkgid task-manager@1.0.0
15 verbose cwd D:\LC\codes\task-manager
16 verbose Windows_NT 10.0.17763
17 verbose argv "C:\\Program Files\\nodejs\\node.exe" "C:\\Users\\Ashish Boltar\\AppData\\Roaming\\npm\\node_modules\\npm\\bin\\npm-cli.js" "run" "start"
18 verbose node v12.16.3
19 verbose npm  v6.14.5
20 error code ELIFECYCLE
21 error errno 1
22 error task-manager@1.0.0 start: `node src/db/index.js`
22 error Exit status 1
23 error Failed at the task-manager@1.0.0 start script.
23 error This is probably not a problem with npm. There is likely additional logging output above.
24 verbose exit [ 1, true ]
